<?xml version="1.0" encoding="UTF-8"?>
<!-- Generated by org.testng.reporters.JUnitReportReporter -->
<testsuite hostname="New2023" failures="0" tests="1" name="NewTest" time="0.001" errors="0" timestamp="2022-12-16T15:34:14 CST" skipped="0">
  <testcase classname="NewTest" name="f" time="0.001"/>
  <system-out/>
</testsuite> <!-- NewTest -->
