<?xml version="1.0" encoding="UTF-8"?>
<!-- Generated by org.testng.reporters.JUnitReportReporter -->
<testsuite hostname="New2023" failures="0" tests="2" name="Testcases.Homepage" time="10.529" errors="0" timestamp="2022-12-18T07:56:00 CST" skipped="0">
  <testcase classname="Testcases.Homepage" name="homepageValidation" time="4.535"/>
  <system-out/>
  <testcase classname="Testcases.Homepage" name="Homepagsearch" time="5.994"/>
  <system-out/>
</testsuite> <!-- Testcases.Homepage -->
