<?xml version="1.0" encoding="UTF-8"?>
<!-- Generated by org.testng.reporters.JUnitReportReporter -->
<testsuite hostname="New2023" failures="0" tests="2" name="Testcases.LoginPage" time="6.974" errors="0" timestamp="2022-12-30T13:24:41 CST" skipped="0">
  <testcase classname="Testcases.LoginPage" name="validatLogin" time="4.296"/>
  <system-out/>
  <testcase classname="Testcases.LoginPage" name="wishListvalidation" time="2.678"/>
  <system-out/>
</testsuite> <!-- Testcases.LoginPage -->
